# JRE version: OpenJDK Runtime Environment (8.0_242-b01) (build 1.8.0_242-release-1644-b01)
# Java VM: OpenJDK 64-Bit Server VM (25.242-b01 mixed mode windows-amd64 compressed oops)
Heap:
 PSYoungGen      total 246272K, used 7286K [0x000000066b000000, 0x000000067b280000, 0x00000007c0000000)
  eden space 244224K, 2% used [0x000000066b000000,0x000000066b71d9e0,0x0000000679e80000)
  from space 2048K, 0% used [0x000000067b080000,0x000000067b080000,0x000000067b280000)
  to   space 10240K, 0% used [0x0000000679e80000,0x0000000679e80000,0x000000067a880000)
 ParOldGen       total 699392K, used 15221K [0x00000003c1000000, 0x00000003ebb00000, 0x000000066b000000)
  object space 699392K, 2% used [0x00000003c1000000,0x00000003c1edd6b0,0x00000003ebb00000)
 Metaspace       used 28912K, capacity 29303K, committed 29440K, reserved 1075200K
  class space    used 3166K, capacity 3280K, committed 3328K, reserved 1048576K
GC Heap History (10 events):
Event: 19.049 GC heap before
{Heap before GC invocations=29 (full 11):
 PSYoungGen      total 244736K, used 32K [0x000000066b000000, 0x000000067ba80000, 0x00000007c0000000)
  eden space 244224K, 0% used [0x000000066b000000,0x000000066b000000,0x0000000679e80000)
  from space 512K, 6% used [0x000000067ba00000,0x000000067ba08000,0x000000067ba80000)
  to   space 11264K, 0% used [0x000000067a480000,0x000000067a480000,0x000000067af80000)
 ParOldGen       total 699392K, used 13720K [0x00000003c1000000, 0x00000003ebb00000, 0x000000066b000000)
  object space 699392K, 1% used [0x00000003c1000000,0x00000003c1d661e0,0x00000003ebb00000)
 Metaspace       used 28508K, capacity 28945K, committed 29184K, reserved 1075200K
  class space    used 3135K, capacity 3247K, committed 3328K, reserved 1048576K
Event: 19.062 GC heap after
Heap after GC invocations=29 (full 11):
 PSYoungGen      total 244736K, used 0K [0x000000066b000000, 0x000000067ba80000, 0x00000007c0000000)
  eden space 244224K, 0% used [0x000000066b000000,0x000000066b000000,0x0000000679e80000)
  from space 512K, 0% used [0x000000067ba00000,0x000000067ba00000,0x000000067ba80000)
  to   space 11264K, 0% used [0x000000067a480000,0x000000067a480000,0x000000067af80000)
 ParOldGen       total 699392K, used 13720K [0x00000003c1000000, 0x00000003ebb00000, 0x000000066b000000)
  object space 699392K, 1% used [0x00000003c1000000,0x00000003c1d661d0,0x00000003ebb00000)
 Metaspace       used 28508K, capacity 28945K, committed 29184K, reserved 1075200K
  class space    used 3135K, capacity 3247K, committed 3328K, reserved 1048576K
}
Event: 20.218 GC heap before
{Heap before GC invocations=30 (full 11):
 PSYoungGen      total 244736K, used 81743K [0x000000066b000000, 0x000000067ba80000, 0x00000007c0000000)
  eden space 244224K, 33% used [0x000000066b000000,0x000000066ffd3cf8,0x0000000679e80000)
  from space 512K, 0% used [0x000000067ba00000,0x000000067ba00000,0x000000067ba80000)
  to   space 11264K, 0% used [0x000000067a480000,0x000000067a480000,0x000000067af80000)
 ParOldGen       total 699392K, used 13720K [0x00000003c1000000, 0x00000003ebb00000, 0x000000066b000000)
  object space 699392K, 1% used [0x00000003c1000000,0x00000003c1d661d0,0x00000003ebb00000)
 Metaspace       used 28565K, capacity 28951K, committed 29184K, reserved 1075200K
  class space    used 3137K, capacity 3248K, committed 3328K, reserved 1048576K
Event: 20.219 GC heap after
Heap after GC invocations=30 (full 11):
 PSYoungGen      total 255488K, used 2586K [0x000000066b000000, 0x000000067ba80000, 0x00000007c0000000)
  eden space 244224K, 0% used [0x000000066b000000,0x000000066b000000,0x0000000679e80000)
  from space 11264K, 22% used [0x000000067a480000,0x000000067a706bb0,0x000000067af80000)
  to   space 10240K, 0% used [0x000000067b080000,0x000000067b080000,0x000000067ba80000)
 ParOldGen       total 699392K, used 13728K [0x00000003c1000000, 0x00000003ebb00000, 0x000000066b000000)
  object space 699392K, 1% used [0x00000003c1000000,0x00000003c1d681d0,0x00000003ebb00000)
 Metaspace       used 28565K, capacity 28951K, committed 29184K, reserved 1075200K
  class space    used 3137K, capacity 3248K, committed 3328K, reserved 1048576K
}
Event: 20.219 GC heap before
{Heap before GC invocations=31 (full 12):
 PSYoungGen      total 255488K, used 2586K [0x000000066b000000, 0x000000067ba80000, 0x00000007c0000000)
  eden space 244224K, 0% used [0x000000066b000000,0x000000066b000000,0x0000000679e80000)
  from space 11264K, 22% used [0x000000067a480000,0x000000067a706bb0,0x000000067af80000)
  to   space 10240K, 0% used [0x000000067b080000,0x000000067b080000,0x000000067ba80000)
 ParOldGen       total 699392K, used 13728K [0x00000003c1000000, 0x00000003ebb00000, 0x000000066b000000)
  object space 699392K, 1% used [0x00000003c1000000,0x00000003c1d681d0,0x00000003ebb00000)
 Metaspace       used 28565K, capacity 28951K, committed 29184K, reserved 1075200K
  class space    used 3137K, capacity 3248K, committed 3328K, reserved 1048576K
Event: 20.252 GC heap after
Heap after GC invocations=31 (full 12):
 PSYoungGen      total 255488K, used 0K [0x000000066b000000, 0x000000067ba80000, 0x00000007c0000000)
  eden space 244224K, 0% used [0x000000066b000000,0x000000066b000000,0x0000000679e80000)
  from space 11264K, 0% used [0x000000067a480000,0x000000067a480000,0x000000067af80000)
  to   space 10240K, 0% used [0x000000067b080000,0x000000067b080000,0x000000067ba80000)
 ParOldGen       total 699392K, used 14483K [0x00000003c1000000, 0x00000003ebb00000, 0x000000066b000000)
  object space 699392K, 2% used [0x00000003c1000000,0x00000003c1e24e28,0x00000003ebb00000)
 Metaspace       used 28565K, capacity 28951K, committed 29184K, reserved 1075200K
  class space    used 3137K, capacity 3248K, committed 3328K, reserved 1048576K
}
Event: 23.136 GC heap before
{Heap before GC invocations=32 (full 12):
 PSYoungGen      total 255488K, used 78219K [0x000000066b000000, 0x000000067ba80000, 0x00000007c0000000)
  eden space 244224K, 32% used [0x000000066b000000,0x000000066fc62c60,0x0000000679e80000)
  from space 11264K, 0% used [0x000000067a480000,0x000000067a480000,0x000000067af80000)
  to   space 10240K, 0% used [0x000000067b080000,0x000000067b080000,0x000000067ba80000)
 ParOldGen       total 699392K, used 14483K [0x00000003c1000000, 0x00000003ebb00000, 0x000000066b000000)
  object space 699392K, 2% used [0x00000003c1000000,0x00000003c1e24e28,0x00000003ebb00000)
 Metaspace       used 28883K, capacity 29303K, committed 29440K, reserved 1075200K
  class space    used 3166K, capacity 3280K, committed 3328K, reserved 1048576K
Event: 23.137 GC heap after
Heap after GC invocations=32 (full 12):
 PSYoungGen      total 246272K, used 1328K [0x000000066b000000, 0x000000067b280000, 0x00000007c0000000)
  eden space 244224K, 0% used [0x000000066b000000,0x000000066b000000,0x0000000679e80000)
  from space 2048K, 64% used [0x000000067b080000,0x000000067b1cc1a0,0x000000067b280000)
  to   space 10240K, 0% used [0x0000000679e80000,0x0000000679e80000,0x000000067a880000)
 ParOldGen       total 699392K, used 14491K [0x00000003c1000000, 0x00000003ebb00000, 0x000000066b000000)
  object space 699392K, 2% used [0x00000003c1000000,0x00000003c1e26e28,0x00000003ebb00000)
 Metaspace       used 28883K, capacity 29303K, committed 29440K, reserved 1075200K
  class space    used 3166K, capacity 3280K, committed 3328K, reserved 1048576K
}
Event: 23.137 GC heap before
{Heap before GC invocations=33 (full 13):
 PSYoungGen      total 246272K, used 1328K [0x000000066b000000, 0x000000067b280000, 0x00000007c0000000)
  eden space 244224K, 0% used [0x000000066b000000,0x000000066b000000,0x0000000679e80000)
  from space 2048K, 64% used [0x000000067b080000,0x000000067b1cc1a0,0x000000067b280000)
  to   space 10240K, 0% used [0x0000000679e80000,0x0000000679e80000,0x000000067a880000)
 ParOldGen       total 699392K, used 14491K [0x00000003c1000000, 0x00000003ebb00000, 0x000000066b000000)
  object space 699392K, 2% used [0x00000003c1000000,0x00000003c1e26e28,0x00000003ebb00000)
 Metaspace       used 28883K, capacity 29303K, committed 29440K, reserved 1075200K
  class space    used 3166K, capacity 3280K, committed 3328K, reserved 1048576K
Event: 23.168 GC heap after
Heap after GC invocations=33 (full 13):
 PSYoungGen      total 246272K, used 0K [0x000000066b000000, 0x000000067b280000, 0x00000007c0000000)
  eden space 244224K, 0% used [0x000000066b000000,0x000000066b000000,0x0000000679e80000)
  from space 2048K, 0% used [0x000000067b080000,0x000000067b080000,0x000000067b280000)
  to   space 10240K, 0% used [0x0000000679e80000,0x0000000679e80000,0x000000067a880000)
 ParOldGen       total 699392K, used 15221K [0x00000003c1000000, 0x00000003ebb00000, 0x000000066b000000)
  object space 699392K, 2% used [0x00000003c1000000,0x00000003c1edd6b0,0x00000003ebb00000)
 Metaspace       used 28883K, capacity 29303K, committed 29440K, reserved 1075200K
  class space    used 3166K, capacity 3280K, committed 3328K, reserved 1048576K
}

