# JRE version: OpenJDK Runtime Environment (8.0_242-b01) (build 1.8.0_242-release-1644-b01)
# Java VM: OpenJDK 64-Bit Server VM (25.242-b01 mixed mode windows-amd64 compressed oops)
Heap:
 PSYoungGen      total 305664K, used 64232K [0x000000066b000000, 0x0000000680500000, 0x00000007c0000000)
  eden space 262144K, 24% used [0x000000066b000000,0x000000066eeba0a0,0x000000067b000000)
  from space 43520K, 0% used [0x000000067da80000,0x000000067da80000,0x0000000680500000)
  to   space 43520K, 0% used [0x000000067b000000,0x000000067b000000,0x000000067da80000)
 ParOldGen       total 699392K, used 3974K [0x00000003c1000000, 0x00000003ebb00000, 0x000000066b000000)
  object space 699392K, 0% used [0x00000003c1000000,0x00000003c13e1b28,0x00000003ebb00000)
 Metaspace       used 17879K, capacity 18213K, committed 18304K, reserved 1064960K
  class space    used 2031K, capacity 2142K, committed 2176K, reserved 1048576K
GC Heap History (8 events):
Event: 2.114 GC heap before
{Heap before GC invocations=1 (full 0):
 PSYoungGen      total 305664K, used 52429K [0x000000066b000000, 0x0000000680500000, 0x00000007c0000000)
  eden space 262144K, 20% used [0x000000066b000000,0x000000066e3335d8,0x000000067b000000)
  from space 43520K, 0% used [0x000000067da80000,0x000000067da80000,0x0000000680500000)
  to   space 43520K, 0% used [0x000000067b000000,0x000000067b000000,0x000000067da80000)
 ParOldGen       total 699392K, used 0K [0x00000003c1000000, 0x00000003ebb00000, 0x000000066b000000)
  object space 699392K, 0% used [0x00000003c1000000,0x00000003c1000000,0x00000003ebb00000)
 Metaspace       used 13361K, capacity 13546K, committed 13824K, reserved 1060864K
  class space    used 1646K, capacity 1723K, committed 1792K, reserved 1048576K
Event: 2.117 GC heap after
Heap after GC invocations=1 (full 0):
 PSYoungGen      total 305664K, used 7295K [0x000000066b000000, 0x0000000680500000, 0x00000007c0000000)
  eden space 262144K, 0% used [0x000000066b000000,0x000000066b000000,0x000000067b000000)
  from space 43520K, 16% used [0x000000067b000000,0x000000067b71ff50,0x000000067da80000)
  to   space 43520K, 0% used [0x000000067da80000,0x000000067da80000,0x0000000680500000)
 ParOldGen       total 699392K, used 16K [0x00000003c1000000, 0x00000003ebb00000, 0x000000066b000000)
  object space 699392K, 0% used [0x00000003c1000000,0x00000003c1004000,0x00000003ebb00000)
 Metaspace       used 13361K, capacity 13546K, committed 13824K, reserved 1060864K
  class space    used 1646K, capacity 1723K, committed 1792K, reserved 1048576K
}
Event: 2.117 GC heap before
{Heap before GC invocations=2 (full 1):
 PSYoungGen      total 305664K, used 7295K [0x000000066b000000, 0x0000000680500000, 0x00000007c0000000)
  eden space 262144K, 0% used [0x000000066b000000,0x000000066b000000,0x000000067b000000)
  from space 43520K, 16% used [0x000000067b000000,0x000000067b71ff50,0x000000067da80000)
  to   space 43520K, 0% used [0x000000067da80000,0x000000067da80000,0x0000000680500000)
 ParOldGen       total 699392K, used 16K [0x00000003c1000000, 0x00000003ebb00000, 0x000000066b000000)
  object space 699392K, 0% used [0x00000003c1000000,0x00000003c1004000,0x00000003ebb00000)
 Metaspace       used 13361K, capacity 13546K, committed 13824K, reserved 1060864K
  class space    used 1646K, capacity 1723K, committed 1792K, reserved 1048576K
Event: 2.129 GC heap after
Heap after GC invocations=2 (full 1):
 PSYoungGen      total 305664K, used 0K [0x000000066b000000, 0x0000000680500000, 0x00000007c0000000)
  eden space 262144K, 0% used [0x000000066b000000,0x000000066b000000,0x000000067b000000)
  from space 43520K, 0% used [0x000000067b000000,0x000000067b000000,0x000000067da80000)
  to   space 43520K, 0% used [0x000000067da80000,0x000000067da80000,0x0000000680500000)
 ParOldGen       total 699392K, used 3974K [0x00000003c1000000, 0x00000003ebb00000, 0x000000066b000000)
  object space 699392K, 0% used [0x00000003c1000000,0x00000003c13e1af8,0x00000003ebb00000)
 Metaspace       used 13361K, capacity 13546K, committed 13824K, reserved 1060864K
  class space    used 1646K, capacity 1723K, committed 1792K, reserved 1048576K
}
Event: 2.129 GC heap before
{Heap before GC invocations=3 (full 1):
 PSYoungGen      total 305664K, used 5242K [0x000000066b000000, 0x0000000680500000, 0x00000007c0000000)
  eden space 262144K, 1% used [0x000000066b000000,0x000000066b51eb80,0x000000067b000000)
  from space 43520K, 0% used [0x000000067b000000,0x000000067b000000,0x000000067da80000)
  to   space 43520K, 0% used [0x000000067da80000,0x000000067da80000,0x0000000680500000)
 ParOldGen       total 699392K, used 3974K [0x00000003c1000000, 0x00000003ebb00000, 0x000000066b000000)
  object space 699392K, 0% used [0x00000003c1000000,0x00000003c13e1af8,0x00000003ebb00000)
 Metaspace       used 13361K, capacity 13546K, committed 13824K, reserved 1060864K
  class space    used 1646K, capacity 1723K, committed 1792K, reserved 1048576K
Event: 2.130 GC heap after
Heap after GC invocations=3 (full 1):
 PSYoungGen      total 305664K, used 32K [0x000000066b000000, 0x0000000680500000, 0x00000007c0000000)
  eden space 262144K, 0% used [0x000000066b000000,0x000000066b000000,0x000000067b000000)
  from space 43520K, 0% used [0x000000067da80000,0x000000067da88000,0x0000000680500000)
  to   space 43520K, 0% used [0x000000067b000000,0x000000067b000000,0x000000067da80000)
 ParOldGen       total 699392K, used 3974K [0x00000003c1000000, 0x00000003ebb00000, 0x000000066b000000)
  object space 699392K, 0% used [0x00000003c1000000,0x00000003c13e1af8,0x00000003ebb00000)
 Metaspace       used 13361K, capacity 13546K, committed 13824K, reserved 1060864K
  class space    used 1646K, capacity 1723K, committed 1792K, reserved 1048576K
}
Event: 2.130 GC heap before
{Heap before GC invocations=4 (full 2):
 PSYoungGen      total 305664K, used 32K [0x000000066b000000, 0x0000000680500000, 0x00000007c0000000)
  eden space 262144K, 0% used [0x000000066b000000,0x000000066b000000,0x000000067b000000)
  from space 43520K, 0% used [0x000000067da80000,0x000000067da88000,0x0000000680500000)
  to   space 43520K, 0% used [0x000000067b000000,0x000000067b000000,0x000000067da80000)
 ParOldGen       total 699392K, used 3974K [0x00000003c1000000, 0x00000003ebb00000, 0x000000066b000000)
  object space 699392K, 0% used [0x00000003c1000000,0x00000003c13e1af8,0x00000003ebb00000)
 Metaspace       used 13361K, capacity 13546K, committed 13824K, reserved 1060864K
  class space    used 1646K, capacity 1723K, committed 1792K, reserved 1048576K
Event: 2.135 GC heap after
Heap after GC invocations=4 (full 2):
 PSYoungGen      total 305664K, used 0K [0x000000066b000000, 0x0000000680500000, 0x00000007c0000000)
  eden space 262144K, 0% used [0x000000066b000000,0x000000066b000000,0x000000067b000000)
  from space 43520K, 0% used [0x000000067da80000,0x000000067da80000,0x0000000680500000)
  to   space 43520K, 0% used [0x000000067b000000,0x000000067b000000,0x000000067da80000)
 ParOldGen       total 699392K, used 3974K [0x00000003c1000000, 0x00000003ebb00000, 0x000000066b000000)
  object space 699392K, 0% used [0x00000003c1000000,0x00000003c13e1b28,0x00000003ebb00000)
 Metaspace       used 13361K, capacity 13546K, committed 13824K, reserved 1060864K
  class space    used 1646K, capacity 1723K, committed 1792K, reserved 1048576K
}

